  main.cpp
c:\users\yondo\source\repos\project_tag\project_tag\header.h(10): error C2065: vector: необъявленный идентификатор
c:\users\yondo\source\repos\project_tag\project_tag\header.h(10): error C2062: тип "int" не требуется
c:\users\yondo\source\repos\project_tag\project_tag\header.h(11): error C2065: vector: необъявленный идентификатор
c:\users\yondo\source\repos\project_tag\project_tag\header.h(11): error C2062: тип "int" не требуется
c:\users\yondo\source\repos\project_tag\project_tag\header.h(12): error C2065: vector: необъявленный идентификатор
c:\users\yondo\source\repos\project_tag\project_tag\header.h(12): error C2062: тип "int" не требуется
c:\users\yondo\source\repos\project_tag\project_tag\main.cpp(28): error C2065: right_map: необъявленный идентификатор
c:\users\yondo\source\repos\project_tag\project_tag\main.cpp(30): error C2065: right_map: необъявленный идентификатор
c:\users\yondo\source\repos\project_tag\project_tag\main.cpp(46): error C2065: game_map: необъявленный идентификатор
c:\users\yondo\source\repos\project_tag\project_tag\main.cpp(59): error C2065: game_map: необъявленный идентификатор
c:\users\yondo\source\repos\project_tag\project_tag\main.cpp(59): error C2065: right_map: необъявленный идентификатор
c:\users\yondo\source\repos\project_tag\project_tag\main.cpp(71): error C2065: SIZE: необъявленный идентификатор
c:\users\yondo\source\repos\project_tag\project_tag\main.cpp(73): error C2065: game_map: необъявленный идентификатор
c:\users\yondo\source\repos\project_tag\project_tag\main.cpp(75): error C2065: game_map: необъявленный идентификатор
c:\users\yondo\source\repos\project_tag\project_tag\main.cpp(83): error C2065: game_map: необъявленный идентификатор
c:\users\yondo\source\repos\project_tag\project_tag\main.cpp(85): error C2065: game_map: необъявленный идентификатор
c:\users\yondo\source\repos\project_tag\project_tag\main.cpp(93): error C2065: game_map: необъявленный идентификатор
c:\users\yondo\source\repos\project_tag\project_tag\main.cpp(95): error C2065: game_map: необъявленный идентификатор
c:\users\yondo\source\repos\project_tag\project_tag\main.cpp(101): error C2065: SIZE: необъявленный идентификатор
c:\users\yondo\source\repos\project_tag\project_tag\main.cpp(103): error C2065: game_map: необъявленный идентификатор
c:\users\yondo\source\repos\project_tag\project_tag\main.cpp(105): error C2065: game_map: необъявленный идентификатор
c:\users\yondo\source\repos\project_tag\project_tag\main.cpp(139): error C2065: SIZE: необъявленный идентификатор
c:\users\yondo\source\repos\project_tag\project_tag\main.cpp(141): error C2065: SIZE: необъявленный идентификатор
c:\users\yondo\source\repos\project_tag\project_tag\main.cpp(143): error C2065: game_map: необъявленный идентификатор
c:\users\yondo\source\repos\project_tag\project_tag\main.cpp(144): error C2065: game_map: необъявленный идентификатор
c:\users\yondo\source\repos\project_tag\project_tag\main.cpp(156): error C3861: create_right_map: идентификатор не найден
c:\users\yondo\source\repos\project_tag\project_tag\main.cpp(159): error C3861: create_game_map: идентификатор не найден
c:\users\yondo\source\repos\project_tag\project_tag\main.cpp(160): error C3861: check_map: идентификатор не найден
